<?xml version="1.0" encoding="UTF-8"?>
<!-- Generated by org.testng.reporters.JUnitXMLReporter -->
<testsuite ignored="0" hostname="Kundan" failures="0" tests="4" name="Surefire test" time="8.16" errors="0" timestamp="2024-05-05T11:54:35 IST">
  <testcase classname="api.test.UserTest" name="TestCreateUser" time="3.2"/>
  <testcase classname="api.test.UserTest" name="TestReadUser" time="1.719"/>
  <testcase classname="api.test.UserTest" name="TestUpdateUser" time="1.6"/>
  <testcase classname="api.test.UserTest" name="TestDeleteUser" time="1.439"/>
</testsuite> <!-- Surefire test -->
