<?xml version="1.0" encoding="UTF-8"?>
<!-- Generated by org.testng.reporters.JUnitXMLReporter -->
<testsuite ignored="0" hostname="Kundan" failures="0" tests="4" name="Default test" time="8.116" errors="0" timestamp="2024-05-05T10:52:34 IST">
  <testcase classname="api.test.UserTest" name="TestCreateUser" time="3.082"/>
  <testcase classname="api.test.UserTest" name="TestReadUser" time="1.63"/>
  <testcase classname="api.test.UserTest" name="TestUpdateUser" time="1.598"/>
  <testcase classname="api.test.UserTest" name="TestDeleteUser" time="1.597"/>
</testsuite> <!-- Default test -->
