<?xml version="1.0" encoding="UTF-8"?>
<testng-results ignored="0" total="4" passed="4" failed="0" skipped="0">
  <reporter-output>
  </reporter-output>
  <suite started-at="2024-05-05T10:52:26 IST" name="Default suite" finished-at="2024-05-05T10:52:34 IST" duration-ms="8116">
    <groups>
    </groups>
    <test started-at="2024-05-05T10:52:26 IST" name="Default test" finished-at="2024-05-05T10:52:34 IST" duration-ms="8116">
      <class name="api.test.UserTest">
        <test-method is-config="true" signature="SetUpDataI()[pri:0, instance:api.test.UserTest@2f9f7dcf]" started-at="2024-05-05T10:52:26 IST" name="SetUpDataI" finished-at="2024-05-05T10:52:26 IST" duration-ms="171" status="PASS">
          <reporter-output>
          </reporter-output>
        </test-method> <!-- SetUpDataI -->
        <test-method signature="TestCreateUser()[pri:1, instance:api.test.UserTest@2f9f7dcf]" started-at="2024-05-05T10:52:26 IST" name="TestCreateUser" finished-at="2024-05-05T10:52:29 IST" duration-ms="3082" status="PASS">
          <reporter-output>
          </reporter-output>
        </test-method> <!-- TestCreateUser -->
        <test-method signature="TestReadUser()[pri:2, instance:api.test.UserTest@2f9f7dcf]" started-at="2024-05-05T10:52:29 IST" name="TestReadUser" finished-at="2024-05-05T10:52:31 IST" duration-ms="1630" status="PASS">
          <reporter-output>
          </reporter-output>
        </test-method> <!-- TestReadUser -->
        <test-method signature="TestUpdateUser()[pri:3, instance:api.test.UserTest@2f9f7dcf]" started-at="2024-05-05T10:52:31 IST" name="TestUpdateUser" finished-at="2024-05-05T10:52:33 IST" duration-ms="1598" status="PASS">
          <reporter-output>
          </reporter-output>
        </test-method> <!-- TestUpdateUser -->
        <test-method signature="TestDeleteUser()[pri:4, instance:api.test.UserTest@2f9f7dcf]" started-at="2024-05-05T10:52:33 IST" name="TestDeleteUser" finished-at="2024-05-05T10:52:34 IST" duration-ms="1597" status="PASS">
          <reporter-output>
          </reporter-output>
        </test-method> <!-- TestDeleteUser -->
      </class> <!-- api.test.UserTest -->
    </test> <!-- Default test -->
  </suite> <!-- Default suite -->
</testng-results>
